<?xml version="1.0" encoding="UTF-8"?>
<!-- Generated by org.testng.reporters.JUnitReportReporter -->
<testsuite hostname="c68506d63ea15fe" failures="0" tests="10" name="testcases.yakshaHealthAppTestCase" time="29.777" errors="0" timestamp="2025-02-27T12:18:37 IST" skipped="0">
  <testcase classname="testcases.yakshaHealthAppTestCase" name="verifyTitleOfTheHomePage" time="5.532"/>
  <testcase classname="testcases.yakshaHealthAppTestCase" name="verifySelectCounterPopupIsPresentAndNavigateToNextpage" time="8.304"/>
  <testcase classname="testcases.yakshaHealthAppTestCase" name="performKeyBoardOperationToOpenAddNewPatientPopup" time="3.025"/>
  <testcase classname="testcases.yakshaHealthAppTestCase" name="fillTheTextFieldInAddNewPatientPopup" time="0.565"/>
  <testcase classname="testcases.yakshaHealthAppTestCase" name="verifyEnteredValueIsPresent" time="1.871"/>
  <testcase classname="testcases.yakshaHealthAppTestCase" name="verifyIndiaIsSelectedFromCountryDropdown" time="3.065"/>
  <testcase classname="testcases.yakshaHealthAppTestCase" name="validateErrorMessageWhenClickOnRegisterBillingButton" time="0.550"/>
  <testcase classname="testcases.yakshaHealthAppTestCase" name="verifyDispensaryArrowIsExpanding" time="4.642"/>
  <testcase classname="testcases.yakshaHealthAppTestCase" name="verifyDispensaryArrowIsMinimizing" time="0.898"/>
  <testcase classname="testcases.yakshaHealthAppTestCase" name="verifyControlScrollingFromDispensaryToSettingModule" time="1.325"/>
</testsuite> <!-- testcases.yakshaHealthAppTestCase -->
